<?xml version="1.0" encoding="UTF-8"?>
<!-- Generated by org.testng.reporters.JUnitXMLReporter -->
<testsuite ignored="0" hostname="IN-PF3YGY8F" failures="0" tests="8" name="Test" time="427.276" errors="0" timestamp="2024-08-05T14:36:47 IST">
  <testcase classname="com.hpeb2c.testcases.TC_CreateAccountTest_003" name="createacc" time="6.728"/>
  <testcase classname="com.hpeb2c.testcases.TC_LoginTest_001" name="InvalidloginTest" time="30.364"/>
  <testcase classname="com.hpeb2c.testcases.TC_LoginTest_001" name="ValidloginTest" time="9.744"/>
  <testcase classname="com.hpeb2c.testcases.TC_CategoryTest_004" name="Categorylinks" time="7.631"/>
  <testcase classname="com.hpeb2c.testcases.TC_PLPTest_005" name="plp" time="43.427"/>
  <testcase classname="com.hpeb2c.testcases.TC_PDPTest_006" name="pdp" time="63.571"/>
  <testcase classname="com.hpeb2c.testcases.TC_CartTest_007" name="cartPage" time="49.466"/>
  <testcase classname="com.hpeb2c.testcases.TC_CreateQuoteTest_008" name="createQuote" time="44.092"/>
</testsuite> <!-- Test -->
