<?xml version="1.0" encoding="UTF-8"?>
<!-- Generated by org.testng.reporters.JUnitXMLReporter -->
<testsuite ignored="0" hostname="IN-PF3YGY8F" failures="0" tests="11" name="Test" time="854.227" errors="0" timestamp="2024-11-13T19:21:07 IST">
  <testcase classname="com.hpeb2c.testcases.TC_CreateAccountTest_003" name="createacc" time="33.406"/>
  <testcase classname="com.hpeb2c.testcases.TC_LoginTest_001" name="InvalidloginTest" time="33.044"/>
  <testcase classname="com.hpeb2c.testcases.TC_LoginTest_001" name="ValidloginTest" time="5.588"/>
  <testcase classname="com.hpeb2c.testcases.TC_CategoryTest_004" name="Categorylinks" time="21.548"/>
  <testcase classname="com.hpeb2c.testcases.TC_PLPTest_005" name="plp" time="48.317"/>
  <testcase classname="com.hpeb2c.testcases.TC_PLPTest_005" name="addquoteproductfromplp" time="31.025"/>
  <testcase classname="com.hpeb2c.testcases.TC_PDPTest_006" name="pdp" time="154.78"/>
  <testcase classname="com.hpeb2c.testcases.TC_CartTest_007" name="cartPage" time="54.978"/>
  <testcase classname="com.hpeb2c.testcases.TC_CreateQuoteTest_008" name="createQuote" time="67.054"/>
  <testcase classname="com.hpeb2c.testcases.TC_AddOfferProductFromPDPTest_009" name="pdp" time="112.922"/>
  <testcase classname="com.hpeb2c.testcases.TC_CheckoutTest_010" name="Checkout" time="68.481"/>
</testsuite> <!-- Test -->
