<?xml version="1.0" encoding="UTF-8"?>
<testng-results ignored="0" total="8" passed="8" failed="0" skipped="0">
  <reporter-output>
  </reporter-output>
  <suite started-at="2024-08-05T14:29:39 IST" name="Suite" finished-at="2024-08-05T14:36:46 IST" duration-ms="427276">
    <groups>
    </groups>
    <test started-at="2024-08-05T14:29:39 IST" name="Test" finished-at="2024-08-05T14:36:46 IST" duration-ms="427276">
      <class name="com.hpeb2c.testcases.TC_CategoryTest_004">
        <test-method is-config="true" signature="setup(java.lang.String)[pri:0, instance:com.hpeb2c.testcases.TC_CategoryTest_004@233795b6]" started-at="2024-08-05T14:31:35 IST" name="setup" finished-at="2024-08-05T14:32:09 IST" duration-ms="33408" status="PASS">
          <params>
            <param index="0">
              <value>
                <![CDATA[chrome]]>
              </value>
            </param>
          </params>
          <reporter-output>
          </reporter-output>
        </test-method> <!-- setup -->
        <test-method signature="Categorylinks()[pri:0, instance:com.hpeb2c.testcases.TC_CategoryTest_004@233795b6]" started-at="2024-08-05T14:32:09 IST" name="Categorylinks" finished-at="2024-08-05T14:32:16 IST" duration-ms="7631" status="PASS">
          <reporter-output>
          </reporter-output>
        </test-method> <!-- Categorylinks -->
        <test-method is-config="true" signature="tearDown()[pri:0, instance:com.hpeb2c.testcases.TC_CategoryTest_004@233795b6]" started-at="2024-08-05T14:32:16 IST" name="tearDown" finished-at="2024-08-05T14:32:16 IST" duration-ms="0" status="PASS">
          <reporter-output>
          </reporter-output>
        </test-method> <!-- tearDown -->
      </class> <!-- com.hpeb2c.testcases.TC_CategoryTest_004 -->
      <class name="com.hpeb2c.testcases.TC_PDPTest_006">
        <test-method is-config="true" signature="setup(java.lang.String)[pri:0, instance:com.hpeb2c.testcases.TC_PDPTest_006@5bda8e08]" started-at="2024-08-05T14:33:12 IST" name="setup" finished-at="2024-08-05T14:33:24 IST" duration-ms="12675" status="PASS">
          <params>
            <param index="0">
              <value>
                <![CDATA[chrome]]>
              </value>
            </param>
          </params>
          <reporter-output>
          </reporter-output>
        </test-method> <!-- setup -->
        <test-method signature="pdp(java.lang.String,java.lang.String,java.lang.String)[pri:2, instance:com.hpeb2c.testcases.TC_PDPTest_006@5bda8e08]" started-at="2024-08-05T14:33:24 IST" name="pdp" data-provider="ValidLoginData" finished-at="2024-08-05T14:34:28 IST" duration-ms="63571" status="PASS">
          <params>
            <param index="0">
              <value>
                <![CDATA[sanitycheck9250@yopmail.com]]>
              </value>
            </param>
            <param index="1">
              <value>
                <![CDATA[Tesh@1234]]>
              </value>
            </param>
            <param index="2">
              <value>
                <![CDATA[Valid]]>
              </value>
            </param>
          </params>
          <reporter-output>
          </reporter-output>
        </test-method> <!-- pdp -->
        <test-method is-config="true" signature="tearDown()[pri:0, instance:com.hpeb2c.testcases.TC_PDPTest_006@5bda8e08]" started-at="2024-08-05T14:34:28 IST" name="tearDown" finished-at="2024-08-05T14:34:28 IST" duration-ms="0" status="PASS">
          <reporter-output>
          </reporter-output>
        </test-method> <!-- tearDown -->
      </class> <!-- com.hpeb2c.testcases.TC_PDPTest_006 -->
      <class name="com.hpeb2c.testcases.TC_CreateQuoteTest_008">
        <test-method is-config="true" signature="setup(java.lang.String)[pri:0, instance:com.hpeb2c.testcases.TC_CreateQuoteTest_008@185a6e9]" started-at="2024-08-05T14:35:50 IST" name="setup" finished-at="2024-08-05T14:36:02 IST" duration-ms="11684" status="PASS">
          <params>
            <param index="0">
              <value>
                <![CDATA[chrome]]>
              </value>
            </param>
          </params>
          <reporter-output>
          </reporter-output>
        </test-method> <!-- setup -->
        <test-method signature="createQuote(java.lang.String,java.lang.String,java.lang.String)[pri:2, instance:com.hpeb2c.testcases.TC_CreateQuoteTest_008@185a6e9]" started-at="2024-08-05T14:36:02 IST" name="createQuote" data-provider="ValidLoginData" finished-at="2024-08-05T14:36:46 IST" duration-ms="44092" status="PASS">
          <params>
            <param index="0">
              <value>
                <![CDATA[sanitycheck9250@yopmail.com]]>
              </value>
            </param>
            <param index="1">
              <value>
                <![CDATA[Tesh@1234]]>
              </value>
            </param>
            <param index="2">
              <value>
                <![CDATA[Valid]]>
              </value>
            </param>
          </params>
          <reporter-output>
          </reporter-output>
        </test-method> <!-- createQuote -->
        <test-method is-config="true" signature="tearDown()[pri:0, instance:com.hpeb2c.testcases.TC_CreateQuoteTest_008@185a6e9]" started-at="2024-08-05T14:36:46 IST" name="tearDown" finished-at="2024-08-05T14:36:46 IST" duration-ms="1" status="PASS">
          <reporter-output>
          </reporter-output>
        </test-method> <!-- tearDown -->
      </class> <!-- com.hpeb2c.testcases.TC_CreateQuoteTest_008 -->
      <class name="com.hpeb2c.testcases.TC_CreateAccountTest_003">
        <test-method is-config="true" signature="setup(java.lang.String)[pri:0, instance:com.hpeb2c.testcases.TC_CreateAccountTest_003@31190526]" started-at="2024-08-05T14:29:39 IST" name="setup" finished-at="2024-08-05T14:30:13 IST" duration-ms="34024" status="PASS">
          <params>
            <param index="0">
              <value>
                <![CDATA[chrome]]>
              </value>
            </param>
          </params>
          <reporter-output>
          </reporter-output>
        </test-method> <!-- setup -->
        <test-method signature="createacc()[pri:0, instance:com.hpeb2c.testcases.TC_CreateAccountTest_003@31190526]" started-at="2024-08-05T14:30:13 IST" name="createacc" finished-at="2024-08-05T14:30:20 IST" duration-ms="6728" status="PASS">
          <reporter-output>
          </reporter-output>
        </test-method> <!-- createacc -->
        <test-method is-config="true" signature="tearDown()[pri:0, instance:com.hpeb2c.testcases.TC_CreateAccountTest_003@31190526]" started-at="2024-08-05T14:30:20 IST" name="tearDown" finished-at="2024-08-05T14:30:20 IST" duration-ms="0" status="PASS">
          <reporter-output>
          </reporter-output>
        </test-method> <!-- tearDown -->
      </class> <!-- com.hpeb2c.testcases.TC_CreateAccountTest_003 -->
      <class name="com.hpeb2c.testcases.TC_CartTest_007">
        <test-method is-config="true" signature="setup(java.lang.String)[pri:0, instance:com.hpeb2c.testcases.TC_CartTest_007@1e800aaa]" started-at="2024-08-05T14:34:28 IST" name="setup" finished-at="2024-08-05T14:35:01 IST" duration-ms="32598" status="PASS">
          <params>
            <param index="0">
              <value>
                <![CDATA[chrome]]>
              </value>
            </param>
          </params>
          <reporter-output>
          </reporter-output>
        </test-method> <!-- setup -->
        <test-method signature="cartPage(java.lang.String,java.lang.String,java.lang.String)[pri:2, instance:com.hpeb2c.testcases.TC_CartTest_007@1e800aaa]" started-at="2024-08-05T14:35:01 IST" name="cartPage" data-provider="ValidLoginData" finished-at="2024-08-05T14:35:50 IST" duration-ms="49466" status="PASS">
          <params>
            <param index="0">
              <value>
                <![CDATA[sanitycheck9250@yopmail.com]]>
              </value>
            </param>
            <param index="1">
              <value>
                <![CDATA[Tesh@1234]]>
              </value>
            </param>
            <param index="2">
              <value>
                <![CDATA[Valid]]>
              </value>
            </param>
          </params>
          <reporter-output>
          </reporter-output>
        </test-method> <!-- cartPage -->
        <test-method is-config="true" signature="tearDown()[pri:0, instance:com.hpeb2c.testcases.TC_CartTest_007@1e800aaa]" started-at="2024-08-05T14:35:50 IST" name="tearDown" finished-at="2024-08-05T14:35:50 IST" duration-ms="0" status="PASS">
          <reporter-output>
          </reporter-output>
        </test-method> <!-- tearDown -->
      </class> <!-- com.hpeb2c.testcases.TC_CartTest_007 -->
      <class name="com.hpeb2c.testcases.TC_LoginTest_001">
        <test-method is-config="true" signature="setup(java.lang.String)[pri:0, instance:com.hpeb2c.testcases.TC_LoginTest_001@f5958c9]" started-at="2024-08-05T14:30:20 IST" name="setup" finished-at="2024-08-05T14:30:54 IST" duration-ms="34604" status="PASS">
          <params>
            <param index="0">
              <value>
                <![CDATA[chrome]]>
              </value>
            </param>
          </params>
          <reporter-output>
          </reporter-output>
        </test-method> <!-- setup -->
        <test-method signature="InvalidloginTest(java.lang.String,java.lang.String,java.lang.String)[pri:1, instance:com.hpeb2c.testcases.TC_LoginTest_001@f5958c9]" started-at="2024-08-05T14:30:55 IST" name="InvalidloginTest" data-provider="LoginData" finished-at="2024-08-05T14:31:25 IST" duration-ms="30364" status="PASS">
          <params>
            <param index="0">
              <value>
                <![CDATA[sanitycheck@yopmail.com]]>
              </value>
            </param>
            <param index="1">
              <value>
                <![CDATA[Tesh@1234]]>
              </value>
            </param>
            <param index="2">
              <value>
                <![CDATA[Invalid]]>
              </value>
            </param>
          </params>
          <reporter-output>
          </reporter-output>
        </test-method> <!-- InvalidloginTest -->
        <test-method signature="ValidloginTest(java.lang.String,java.lang.String,java.lang.String)[pri:2, instance:com.hpeb2c.testcases.TC_LoginTest_001@f5958c9]" started-at="2024-08-05T14:31:25 IST" name="ValidloginTest" data-provider="ValidLoginData" finished-at="2024-08-05T14:31:35 IST" duration-ms="9744" status="PASS">
          <params>
            <param index="0">
              <value>
                <![CDATA[sanitycheck9250@yopmail.com]]>
              </value>
            </param>
            <param index="1">
              <value>
                <![CDATA[Tesh@1234]]>
              </value>
            </param>
            <param index="2">
              <value>
                <![CDATA[Valid]]>
              </value>
            </param>
          </params>
          <reporter-output>
          </reporter-output>
        </test-method> <!-- ValidloginTest -->
        <test-method is-config="true" signature="tearDown()[pri:0, instance:com.hpeb2c.testcases.TC_LoginTest_001@f5958c9]" started-at="2024-08-05T14:31:35 IST" name="tearDown" finished-at="2024-08-05T14:31:35 IST" duration-ms="1" status="PASS">
          <reporter-output>
          </reporter-output>
        </test-method> <!-- tearDown -->
      </class> <!-- com.hpeb2c.testcases.TC_LoginTest_001 -->
      <class name="com.hpeb2c.testcases.TC_PLPTest_005">
        <test-method is-config="true" signature="setup(java.lang.String)[pri:0, instance:com.hpeb2c.testcases.TC_PLPTest_005@3eb738bb]" started-at="2024-08-05T14:32:16 IST" name="setup" finished-at="2024-08-05T14:32:28 IST" duration-ms="11829" status="PASS">
          <params>
            <param index="0">
              <value>
                <![CDATA[chrome]]>
              </value>
            </param>
          </params>
          <reporter-output>
          </reporter-output>
        </test-method> <!-- setup -->
        <test-method signature="plp(java.lang.String,java.lang.String,java.lang.String)[pri:2, instance:com.hpeb2c.testcases.TC_PLPTest_005@3eb738bb]" started-at="2024-08-05T14:32:28 IST" name="plp" data-provider="ValidLoginData" finished-at="2024-08-05T14:33:12 IST" duration-ms="43427" status="PASS">
          <params>
            <param index="0">
              <value>
                <![CDATA[sanitycheck9250@yopmail.com]]>
              </value>
            </param>
            <param index="1">
              <value>
                <![CDATA[Tesh@1234]]>
              </value>
            </param>
            <param index="2">
              <value>
                <![CDATA[Valid]]>
              </value>
            </param>
          </params>
          <reporter-output>
          </reporter-output>
        </test-method> <!-- plp -->
        <test-method is-config="true" signature="tearDown()[pri:0, instance:com.hpeb2c.testcases.TC_PLPTest_005@3eb738bb]" started-at="2024-08-05T14:33:12 IST" name="tearDown" finished-at="2024-08-05T14:33:12 IST" duration-ms="0" status="PASS">
          <reporter-output>
          </reporter-output>
        </test-method> <!-- tearDown -->
      </class> <!-- com.hpeb2c.testcases.TC_PLPTest_005 -->
    </test> <!-- Test -->
  </suite> <!-- Suite -->
</testng-results>
